<?xml version="1.0" encoding="UTF-8"?>
<testsuite xmlns:xsi="http://www.w3.org/2001/XMLSchema-instance" xsi:noNamespaceSchemaLocation="https://maven.apache.org/surefire/maven-surefire-plugin/xsd/surefire-test-report-3.0.xsd" version="3.0" name="me.symi.carshop.utils.TwoWayEncryptionTest" time="0.015" tests="3" errors="0" skipped="0" failures="0">
  <properties>
[...]
</properties>
  <testcase name="testDecryptWithInvalidInput" classname="me.symi.carshop.utils.TwoWayEncryptionTest" time="0.006"/>
  <testcase name="testEncryptWithInvalidInput" classname="me.symi.carshop.utils.TwoWayEncryptionTest" time="0.001"/>
  <testcase name="testEncryptAndDecrypt" classname="me.symi.carshop.utils.TwoWayEncryptionTest" time="0.005">
    <system-out><![CDATA[Liczba 1 zostala zaszyfrowana w ciag znakow: 999998
Liczba 123456 zostala zaszyfrowana w ciag znakow: 876543
Liczba 7 zostala zaszyfrowana w ciag znakow: 999992
Liczba 68422 zostala zaszyfrowana w ciag znakow: 931577
Liczba 987654 zostala zaszyfrowana w ciag znakow: 012345
Liczba 9899 zostala zaszyfrowana w ciag znakow: 990100
Liczba 87754 zostala zaszyfrowana w ciag znakow: 912245
Liczba 97421 zostala zaszyfrowana w ciag znakow: 902578
Liczba 13 zostala zaszyfrowana w ciag znakow: 999986
Liczba 14 zostala zaszyfrowana w ciag znakow: 999985
Liczba 10100 zostala zaszyfrowana w ciag znakow: 989899
Liczba 1237 zostala zaszyfrowana w ciag znakow: 998762
Liczba 22 zostala zaszyfrowana w ciag znakow: 999977
Liczba 2614 zostala zaszyfrowana w ciag znakow: 997385
Liczba 153 zostala zaszyfrowana w ciag znakow: 999846
Liczba 555444 zostala zaszyfrowana w ciag znakow: 444555
Liczba 285 zostala zaszyfrowana w ciag znakow: 999714
Liczba 99999 zostala zaszyfrowana w ciag znakow: 900000
Liczba 863 zostala zaszyfrowana w ciag znakow: 999136
]]></system-out>
  </testcase>
</testsuite>